<?xml version="1.0" encoding="UTF-8"?>
<testng-results ignored="0" total="1" passed="1" failed="0" skipped="0">
  <reporter-output>
    <line>
      <![CDATA[Supplier-00000003753        Supplier-00000003753]]>
    </line>
  </reporter-output>
  <suite started-at="2024-06-26T23:35:11 IST" name="Surefire suite" finished-at="2024-06-26T23:36:15 IST" duration-ms="63800">
    <groups>
    </groups>
    <test started-at="2024-06-26T23:35:11 IST" name="Surefire test" finished-at="2024-06-26T23:36:15 IST" duration-ms="63800">
      <class name="driverFactory.AppTest">
        <test-method signature="kickStrat()[pri:0, instance:driverFactory.AppTest@5db250b4]" started-at="2024-06-26T23:35:11 IST" name="kickStrat" finished-at="2024-06-26T23:36:15 IST" duration-ms="63729" status="PASS">
          <reporter-output>
            <line>
              <![CDATA[Supplier-00000003753        Supplier-00000003753]]>
            </line>
          </reporter-output>
        </test-method> <!-- kickStrat -->
      </class> <!-- driverFactory.AppTest -->
    </test> <!-- Surefire test -->
  </suite> <!-- Surefire suite -->
</testng-results>
